<?xml version="1.0" encoding="UTF-8"?>
<!-- Generated by org.testng.reporters.JUnitXMLReporter -->
<testsuite hostname="LAPTOP-HAOPV01U" ignored="0" name="BankingApp Test(failed)(failed)" tests="1" failures="1" timestamp="04 Mar 2021 05:42:34 GMT" time="250.699" errors="0">
  <testcase name="LoginTest" time="5.571" classname="com.inetbanking.testcases.TC_LoginTest_001">
    <failure type="junit.framework.AssertionFailedError">
      <![CDATA[junit.framework.AssertionFailedError
at junit.framework.Assert.fail(Assert.java:47)
at junit.framework.Assert.assertTrue(Assert.java:20)
at junit.framework.Assert.assertTrue(Assert.java:27)
at com.inetbanking.testcases.TC_LoginTest_001.LoginTest(TC_LoginTest_001.java:28)
... Removed 25 stack frames]]>
    </failure>
  </testcase> <!-- LoginTest -->
</testsuite> <!-- BankingApp Test(failed)(failed) -->
